15:37:19.573 [com.intuit.karate.cli.Main.main()] INFO  com.intuit.karate - Karate version: 1.3.1
15:37:19.843 [com.intuit.karate.cli.Main.main()] INFO  c.intuit.karate.core.FeatureRuntime - found scenario at line: 46
15:37:20.952 [com.intuit.karate.cli.Main.main()] DEBUG com.intuit.karate - request:
1 > POST https://jsonplaceholder.typicode.com/posts
1 > Content-Type: application/json; charset=UTF-8
1 > Content-Length: 44
1 > Host: jsonplaceholder.typicode.com
1 > Connection: Keep-Alive
1 > User-Agent: Apache-HttpClient/4.5.13 (Java/17.0.11)
1 > Accept-Encoding: gzip,deflate
{"userId":10,"title":"Hello","text":"World"}

15:37:21.949 [com.intuit.karate.cli.Main.main()] DEBUG com.intuit.karate - response time in milliseconds: 994
1 < 201
1 < Date: Thu, 23 May 2024 07:37:21 GMT
1 < Content-Type: application/json; charset=utf-8
1 < Content-Length: 70
1 < Connection: keep-alive
1 < Report-To: {"group":"heroku-nel","max_age":3600,"endpoints":[{"url":"https://nel.heroku.com/reports?ts=1716449841&sid=e11707d5-02a7-43ef-b45e-2cf4d2036f7d&s=kPZzLFtaWp6GQiO6110Ew6pqlKRy5DbjKVv4C3%2BYYmU%3D"}]}
1 < Reporting-Endpoints: heroku-nel=https://nel.heroku.com/reports?ts=1716449841&sid=e11707d5-02a7-43ef-b45e-2cf4d2036f7d&s=kPZzLFtaWp6GQiO6110Ew6pqlKRy5DbjKVv4C3%2BYYmU%3D
1 < Nel: {"report_to":"heroku-nel","max_age":3600,"success_fraction":0.005,"failure_fraction":0.05,"response_headers":["Via"]}
1 < X-Powered-By: Express
1 < X-Ratelimit-Limit: 1000
1 < X-Ratelimit-Remaining: 999
1 < X-Ratelimit-Reset: 1716449900
1 < Vary: Origin, X-HTTP-Method-Override, Accept-Encoding
1 < Access-Control-Allow-Credentials: true
1 < Cache-Control: no-cache
1 < Pragma: no-cache
1 < Expires: -1
1 < Access-Control-Expose-Headers: Location
1 < Location: https://jsonplaceholder.typicode.com/posts/101
1 < X-Content-Type-Options: nosniff
1 < Etag: W/"46-0oNeu+FTyqxk88irjvs7ETVPE5I"
1 < Via: 1.1 vegur
1 < CF-Cache-Status: DYNAMIC
1 < Server: cloudflare
1 < CF-RAY: 888361533cd8ac9d-SIN
1 < alt-svc: h3=":443"; ma=86400
{
  "userId": 10,
  "title": "Hello",
  "text": "World",
  "id": 101
}

15:37:22.714 [com.intuit.karate.cli.Main.main()] INFO  com.intuit.karate.Suite - <<pass>> feature 1 of 1 (0 remaining) src/test/java/scenarios/posts.feature
